mode: set
github.com/mkdtemplar/Testing-in-GO/Section-5-Testing-Web-Applications/24-creating-simple-web-application/24-creating-simple-web-application/cmd/web/forms.go:15.37,17.2 1 1
github.com/mkdtemplar/Testing-in-GO/Section-5-Testing-Web-Applications/24-creating-simple-web-application/24-creating-simple-web-application/cmd/web/forms.go:19.42,21.26 2 1
github.com/mkdtemplar/Testing-in-GO/Section-5-Testing-Web-Applications/24-creating-simple-web-application/24-creating-simple-web-application/cmd/web/forms.go:21.26,23.3 1 1
github.com/mkdtemplar/Testing-in-GO/Section-5-Testing-Web-Applications/24-creating-simple-web-application/24-creating-simple-web-application/cmd/web/forms.go:24.2,24.22 1 1
github.com/mkdtemplar/Testing-in-GO/Section-5-Testing-Web-Applications/24-creating-simple-web-application/24-creating-simple-web-application/cmd/web/forms.go:27.51,29.2 1 1
github.com/mkdtemplar/Testing-in-GO/Section-5-Testing-Web-Applications/24-creating-simple-web-application/24-creating-simple-web-application/cmd/web/forms.go:31.38,33.13 2 1
github.com/mkdtemplar/Testing-in-GO/Section-5-Testing-Web-Applications/24-creating-simple-web-application/24-creating-simple-web-application/cmd/web/forms.go:33.13,35.3 1 1
github.com/mkdtemplar/Testing-in-GO/Section-5-Testing-Web-Applications/24-creating-simple-web-application/24-creating-simple-web-application/cmd/web/forms.go:36.2,36.13 1 1
github.com/mkdtemplar/Testing-in-GO/Section-5-Testing-Web-Applications/24-creating-simple-web-application/24-creating-simple-web-application/cmd/web/forms.go:39.42,40.31 1 1
github.com/mkdtemplar/Testing-in-GO/Section-5-Testing-Web-Applications/24-creating-simple-web-application/24-creating-simple-web-application/cmd/web/forms.go:40.31,42.37 2 1
github.com/mkdtemplar/Testing-in-GO/Section-5-Testing-Web-Applications/24-creating-simple-web-application/24-creating-simple-web-application/cmd/web/forms.go:42.37,44.4 1 1
github.com/mkdtemplar/Testing-in-GO/Section-5-Testing-Web-Applications/24-creating-simple-web-application/24-creating-simple-web-application/cmd/web/forms.go:48.51,49.9 1 1
github.com/mkdtemplar/Testing-in-GO/Section-5-Testing-Web-Applications/24-creating-simple-web-application/24-creating-simple-web-application/cmd/web/forms.go:49.9,51.3 1 1
github.com/mkdtemplar/Testing-in-GO/Section-5-Testing-Web-Applications/24-creating-simple-web-application/24-creating-simple-web-application/cmd/web/forms.go:54.28,56.2 1 1
github.com/mkdtemplar/Testing-in-GO/Section-5-Testing-Web-Applications/24-creating-simple-web-application/24-creating-simple-web-application/cmd/web/handlers.go:19.68,22.43 2 1
github.com/mkdtemplar/Testing-in-GO/Section-5-Testing-Web-Applications/24-creating-simple-web-application/24-creating-simple-web-application/cmd/web/handlers.go:22.43,25.3 2 1
github.com/mkdtemplar/Testing-in-GO/Section-5-Testing-Web-Applications/24-creating-simple-web-application/24-creating-simple-web-application/cmd/web/handlers.go:25.8,27.3 1 1
github.com/mkdtemplar/Testing-in-GO/Section-5-Testing-Web-Applications/24-creating-simple-web-application/24-creating-simple-web-application/cmd/web/handlers.go:28.2,28.65 1 1
github.com/mkdtemplar/Testing-in-GO/Section-5-Testing-Web-Applications/24-creating-simple-web-application/24-creating-simple-web-application/cmd/web/handlers.go:31.69,33.16 2 0
github.com/mkdtemplar/Testing-in-GO/Section-5-Testing-Web-Applications/24-creating-simple-web-application/24-creating-simple-web-application/cmd/web/handlers.go:33.16,37.3 3 0
github.com/mkdtemplar/Testing-in-GO/Section-5-Testing-Web-Applications/24-creating-simple-web-application/24-creating-simple-web-application/cmd/web/handlers.go:40.2,43.19 3 0
github.com/mkdtemplar/Testing-in-GO/Section-5-Testing-Web-Applications/24-creating-simple-web-application/24-creating-simple-web-application/cmd/web/handlers.go:43.19,46.3 2 0
github.com/mkdtemplar/Testing-in-GO/Section-5-Testing-Web-Applications/24-creating-simple-web-application/24-creating-simple-web-application/cmd/web/handlers.go:48.2,53.16 5 0
github.com/mkdtemplar/Testing-in-GO/Section-5-Testing-Web-Applications/24-creating-simple-web-application/24-creating-simple-web-application/cmd/web/handlers.go:53.16,55.3 1 0
github.com/mkdtemplar/Testing-in-GO/Section-5-Testing-Web-Applications/24-creating-simple-web-application/24-creating-simple-web-application/cmd/web/handlers.go:58.106,61.16 2 1
github.com/mkdtemplar/Testing-in-GO/Section-5-Testing-Web-Applications/24-creating-simple-web-application/24-creating-simple-web-application/cmd/web/handlers.go:61.16,64.3 2 0
github.com/mkdtemplar/Testing-in-GO/Section-5-Testing-Web-Applications/24-creating-simple-web-application/24-creating-simple-web-application/cmd/web/handlers.go:66.2,70.16 3 1
github.com/mkdtemplar/Testing-in-GO/Section-5-Testing-Web-Applications/24-creating-simple-web-application/24-creating-simple-web-application/cmd/web/handlers.go:70.16,72.3 1 0
github.com/mkdtemplar/Testing-in-GO/Section-5-Testing-Web-Applications/24-creating-simple-web-application/24-creating-simple-web-application/cmd/web/handlers.go:73.2,73.12 1 1
github.com/mkdtemplar/Testing-in-GO/Section-5-Testing-Web-Applications/24-creating-simple-web-application/24-creating-simple-web-application/cmd/web/main.go:15.13,31.16 6 0
github.com/mkdtemplar/Testing-in-GO/Section-5-Testing-Web-Applications/24-creating-simple-web-application/24-creating-simple-web-application/cmd/web/main.go:31.16,33.3 1 0
github.com/mkdtemplar/Testing-in-GO/Section-5-Testing-Web-Applications/24-creating-simple-web-application/24-creating-simple-web-application/cmd/web/middleware.go:14.65,16.2 1 1
github.com/mkdtemplar/Testing-in-GO/Section-5-Testing-Web-Applications/24-creating-simple-web-application/24-creating-simple-web-application/cmd/web/middleware.go:18.70,19.82 1 1
github.com/mkdtemplar/Testing-in-GO/Section-5-Testing-Web-Applications/24-creating-simple-web-application/24-creating-simple-web-application/cmd/web/middleware.go:19.82,22.17 3 1
github.com/mkdtemplar/Testing-in-GO/Section-5-Testing-Web-Applications/24-creating-simple-web-application/24-creating-simple-web-application/cmd/web/middleware.go:22.17,24.20 2 1
github.com/mkdtemplar/Testing-in-GO/Section-5-Testing-Web-Applications/24-creating-simple-web-application/24-creating-simple-web-application/cmd/web/middleware.go:24.20,26.5 1 1
github.com/mkdtemplar/Testing-in-GO/Section-5-Testing-Web-Applications/24-creating-simple-web-application/24-creating-simple-web-application/cmd/web/middleware.go:27.4,27.66 1 1
github.com/mkdtemplar/Testing-in-GO/Section-5-Testing-Web-Applications/24-creating-simple-web-application/24-creating-simple-web-application/cmd/web/middleware.go:28.9,30.4 1 1
github.com/mkdtemplar/Testing-in-GO/Section-5-Testing-Web-Applications/24-creating-simple-web-application/24-creating-simple-web-application/cmd/web/middleware.go:31.3,31.51 1 1
github.com/mkdtemplar/Testing-in-GO/Section-5-Testing-Web-Applications/24-creating-simple-web-application/24-creating-simple-web-application/cmd/web/middleware.go:35.45,37.16 2 1
github.com/mkdtemplar/Testing-in-GO/Section-5-Testing-Web-Applications/24-creating-simple-web-application/24-creating-simple-web-application/cmd/web/middleware.go:37.16,39.3 1 1
github.com/mkdtemplar/Testing-in-GO/Section-5-Testing-Web-Applications/24-creating-simple-web-application/24-creating-simple-web-application/cmd/web/middleware.go:41.2,42.19 2 1
github.com/mkdtemplar/Testing-in-GO/Section-5-Testing-Web-Applications/24-creating-simple-web-application/24-creating-simple-web-application/cmd/web/middleware.go:42.19,44.3 1 0
github.com/mkdtemplar/Testing-in-GO/Section-5-Testing-Web-Applications/24-creating-simple-web-application/24-creating-simple-web-application/cmd/web/middleware.go:46.2,47.22 2 1
github.com/mkdtemplar/Testing-in-GO/Section-5-Testing-Web-Applications/24-creating-simple-web-application/24-creating-simple-web-application/cmd/web/middleware.go:47.22,49.3 1 0
github.com/mkdtemplar/Testing-in-GO/Section-5-Testing-Web-Applications/24-creating-simple-web-application/24-creating-simple-web-application/cmd/web/middleware.go:51.2,51.18 1 1
github.com/mkdtemplar/Testing-in-GO/Section-5-Testing-Web-Applications/24-creating-simple-web-application/24-creating-simple-web-application/cmd/web/middleware.go:51.18,53.3 1 0
github.com/mkdtemplar/Testing-in-GO/Section-5-Testing-Web-Applications/24-creating-simple-web-application/24-creating-simple-web-application/cmd/web/middleware.go:55.2,55.16 1 1
github.com/mkdtemplar/Testing-in-GO/Section-5-Testing-Web-Applications/24-creating-simple-web-application/24-creating-simple-web-application/cmd/web/routes.go:10.45,27.2 9 1
github.com/mkdtemplar/Testing-in-GO/Section-5-Testing-Web-Applications/24-creating-simple-web-application/24-creating-simple-web-application/cmd/web/sessions.go:10.39,18.2 6 1
